<?xml version="1.0" encoding="UTF-8"?>
<testsuite name="MortageLenderTest" tests="1" skipped="0" failures="0" errors="0" timestamp="2021-01-27T16:04:25" hostname="DESKTOP-V6ARL4J" time="0.149">
  <properties/>
  <testcase name="whenDepositFunds()" classname="MortageLenderTest" time="0.149"/>
  <system-out><![CDATA[]]></system-out>
  <system-err><![CDATA[]]></system-err>
</testsuite>
