<?xml version="1.0" encoding="UTF-8"?>
<testsuite name="MortageLenderTest" tests="10" skipped="0" failures="0" errors="0" timestamp="2021-01-27T22:52:16" hostname="DESKTOP-V6ARL4J" time="0.504">
  <properties/>
  <testcase name="whenPrecessNotQualifiedRequest()" classname="MortageLenderTest" time="0.202"/>
  <testcase name="checkAvailablePendingFundsChanges()" classname="MortageLenderTest" time="0.113"/>
  <testcase name="checkLoadExpiration()" classname="MortageLenderTest" time="0.039"/>
  <testcase name="whenSearchLoansByStatus()" classname="MortageLenderTest" time="0.007"/>
  <testcase name="whenDepositFunds()" classname="MortageLenderTest" time="0.009"/>
  <testcase name="whenQualifyLoan()" classname="MortageLenderTest" time="0.006"/>
  <testcase name="whenCheckAvailableFunds()" classname="MortageLenderTest" time="0.003"/>
  <testcase name="checkApplicantAcceptsLoan()" classname="MortageLenderTest" time="0.008"/>
  <testcase name="checkApplicantRejectsLoan()" classname="MortageLenderTest" time="0.004"/>
  <testcase name="whenPrecessRequest()" classname="MortageLenderTest" time="0.005"/>
  <system-out><![CDATA[]]></system-out>
  <system-err><![CDATA[]]></system-err>
</testsuite>
